[INFO]-[2019/09/30 11:43:44] Cloning: accelerate's clone job's data is not in database, generating data
[INFO]-[2019/09/30 11:43:44] Cloning: accelerate's clone job's data is not in database, generating data
[INFO]-[2019/09/30 11:43:44] DB Copy: Creating table wpstg0_commentmeta
[INFO]-[2019/09/30 11:43:44] DB Copy: Creating table wpstg0_commentmeta
[INFO]-[2019/09/30 11:43:44] DB Copy: Creating table wpstg0_comments
[INFO]-[2019/09/30 11:43:44] DB Copy: wp_comments as wpstg0_comments from 0 to 10000 records
[INFO]-[2019/09/30 11:43:44] DB Copy: Creating table wpstg0_comments
[INFO]-[2019/09/30 11:43:44] DB Copy: wp_comments as wpstg0_comments from 0 to 10000 records
[INFO]-[2019/09/30 11:43:45] DB Copy: Creating table wpstg0_links
[INFO]-[2019/09/30 11:43:45] DB Copy: Creating table wpstg0_links
[INFO]-[2019/09/30 11:43:45] DB Copy: Creating table wpstg0_options
[INFO]-[2019/09/30 11:43:45] DB Copy: wp_options as wpstg0_options from 0 to 10000 records
[INFO]-[2019/09/30 11:43:45] DB Copy: Creating table wpstg0_options
[INFO]-[2019/09/30 11:43:45] DB Copy: wp_options as wpstg0_options from 0 to 10000 records
[INFO]-[2019/09/30 11:43:45] DB Copy: Creating table wpstg0_postmeta
[INFO]-[2019/09/30 11:43:45] DB Copy: wp_postmeta as wpstg0_postmeta from 0 to 10000 records
[INFO]-[2019/09/30 11:43:45] DB Copy: Creating table wpstg0_postmeta
[INFO]-[2019/09/30 11:43:45] DB Copy: wp_postmeta as wpstg0_postmeta from 0 to 10000 records
[INFO]-[2019/09/30 11:43:46] DB Copy: Creating table wpstg0_posts
[INFO]-[2019/09/30 11:43:46] DB Copy: wp_posts as wpstg0_posts from 0 to 10000 records
[INFO]-[2019/09/30 11:43:46] DB Copy: Creating table wpstg0_posts
[INFO]-[2019/09/30 11:43:46] DB Copy: wp_posts as wpstg0_posts from 0 to 10000 records
[INFO]-[2019/09/30 11:43:46] DB Copy: Creating table wpstg0_term_relationships
[INFO]-[2019/09/30 11:43:46] DB Copy: wp_term_relationships as wpstg0_term_relationships from 0 to 10000 records
[INFO]-[2019/09/30 11:43:46] DB Copy: Creating table wpstg0_term_relationships
[INFO]-[2019/09/30 11:43:46] DB Copy: wp_term_relationships as wpstg0_term_relationships from 0 to 10000 records
[INFO]-[2019/09/30 11:43:46] DB Copy: Creating table wpstg0_term_taxonomy
[INFO]-[2019/09/30 11:43:46] DB Copy: wp_term_taxonomy as wpstg0_term_taxonomy from 0 to 10000 records
[INFO]-[2019/09/30 11:43:46] DB Copy: Creating table wpstg0_term_taxonomy
[INFO]-[2019/09/30 11:43:46] DB Copy: wp_term_taxonomy as wpstg0_term_taxonomy from 0 to 10000 records
[INFO]-[2019/09/30 11:43:47] DB Copy: Creating table wpstg0_termmeta
[INFO]-[2019/09/30 11:43:47] DB Copy: Creating table wpstg0_termmeta
[INFO]-[2019/09/30 11:43:47] DB Copy: Creating table wpstg0_terms
[INFO]-[2019/09/30 11:43:47] DB Copy: wp_terms as wpstg0_terms from 0 to 10000 records
[INFO]-[2019/09/30 11:43:47] DB Copy: Creating table wpstg0_terms
[INFO]-[2019/09/30 11:43:47] DB Copy: wp_terms as wpstg0_terms from 0 to 10000 records
[INFO]-[2019/09/30 11:43:47] DB Copy: Creating table wpstg0_usermeta
[INFO]-[2019/09/30 11:43:47] DB Copy: wp_usermeta as wpstg0_usermeta from 0 to 10000 records
[INFO]-[2019/09/30 11:43:47] DB Copy: Creating table wpstg0_usermeta
[INFO]-[2019/09/30 11:43:47] DB Copy: wp_usermeta as wpstg0_usermeta from 0 to 10000 records
[INFO]-[2019/09/30 11:43:48] DB Copy: Creating table wpstg0_users
[INFO]-[2019/09/30 11:43:48] DB Copy: wp_users as wpstg0_users from 0 to 10000 records
[INFO]-[2019/09/30 11:43:48] DB Copy: Creating table wpstg0_users
[INFO]-[2019/09/30 11:43:48] DB Copy: wp_users as wpstg0_users from 0 to 10000 records
[]-[] 
[]-[] 
[]-[] 
[]-[] 
[INFO]-[2019/09/30 11:43:49] DB Processing:  Table wpstg0_comments 0 to 5000 records
[INFO]-[2019/09/30 11:43:49] DB Processing:  Table wpstg0_comments 0 to 5000 records
[]-[] 
[]-[] 
[INFO]-[2019/09/30 11:43:49] DB Processing:  Table wpstg0_options 0 to 5000 records
[INFO]-[2019/09/30 11:43:49] DB Processing:  Table wpstg0_options 0 to 5000 records
[INFO]-[2019/09/30 11:43:50] DB Processing:  Table wpstg0_postmeta 0 to 5000 records
[INFO]-[2019/09/30 11:43:50] DB Processing:  Table wpstg0_postmeta 0 to 5000 records
[INFO]-[2019/09/30 11:43:50] DB Processing:  Table wpstg0_posts 0 to 5000 records
[INFO]-[2019/09/30 11:43:50] DB Processing:  Table wpstg0_posts 0 to 5000 records
[INFO]-[2019/09/30 11:43:50] DB Processing:  Table wpstg0_term_relationships 0 to 5000 records
[INFO]-[2019/09/30 11:43:50] DB Processing:  Table wpstg0_term_relationships 0 to 5000 records
[INFO]-[2019/09/30 11:43:50] DB Processing:  Table wpstg0_term_taxonomy 0 to 5000 records
[INFO]-[2019/09/30 11:43:50] DB Processing:  Table wpstg0_term_taxonomy 0 to 5000 records
[]-[] 
[]-[] 
[INFO]-[2019/09/30 11:43:51] DB Processing:  Table wpstg0_terms 0 to 5000 records
[INFO]-[2019/09/30 11:43:51] DB Processing:  Table wpstg0_terms 0 to 5000 records
[INFO]-[2019/09/30 11:43:51] DB Processing:  Table wpstg0_usermeta 0 to 5000 records
[INFO]-[2019/09/30 11:43:51] DB Processing:  Table wpstg0_usermeta 0 to 5000 records
[INFO]-[2019/09/30 11:43:52] DB Processing:  Table wpstg0_users 0 to 5000 records
[INFO]-[2019/09/30 11:43:52] DB Processing:  Table wpstg0_users 0 to 5000 records
[]-[] 
[]-[] 
[INFO]-[2019/09/30 11:43:52] Scanning / for files
[INFO]-[2019/09/30 11:43:52] Scanning / for files
[INFO]-[2019/09/30 11:43:53] Scanning wp-content folder /Users/sabinevidal/Sites/accelerate/wp-content
[INFO]-[2019/09/30 11:43:53] Scanning wp-content folder /Users/sabinevidal/Sites/accelerate/wp-content
[INFO]-[2019/09/30 11:43:53] Scanning /wp-includes for its sub-directories and files
[INFO]-[2019/09/30 11:43:53] Scanning /wp-includes for its sub-directories and files
[INFO]-[2019/09/30 11:43:53] Scanning /wp-admin for its sub-directories and files
[INFO]-[2019/09/30 11:43:53] Scanning /wp-admin for its sub-directories and files
[INFO]-[2019/09/30 11:43:54] Copying files...
[INFO]-[2019/09/30 11:43:54] Total 50 files processed
[INFO]-[2019/09/30 11:43:54] Copying files...
[INFO]-[2019/09/30 11:43:54] Total 50 files processed
[INFO]-[2019/09/30 11:43:54] Total 100 files processed
[INFO]-[2019/09/30 11:43:54] Total 100 files processed
[INFO]-[2019/09/30 11:43:55] Total 150 files processed
[INFO]-[2019/09/30 11:43:55] Total 150 files processed
